2023-12-21 09:51:09,775 - __main__ - CRITICAL - Message: stale element reference: stale element not found
  (Session info: chrome-headless-shell=120.0.6099.110); For documentation on this error, please visit: https://www.selenium.dev/documentation/webdriver/troubleshooting/errors#stale-element-reference-exception
Stacktrace:
	GetHandleVerifier [0x00007FF6CFB12142+3514994]
	(No symbol) [0x00007FF6CF730CE2]
	(No symbol) [0x00007FF6CF5D76AA]
	(No symbol) [0x00007FF6CF5E79BF]
	(No symbol) [0x00007FF6CF5DDB89]
	(No symbol) [0x00007FF6CF5DBF22]
	(No symbol) [0x00007FF6CF5DF38F]
	(No symbol) [0x00007FF6CF5DF480]
	(No symbol) [0x00007FF6CF623569]
	(No symbol) [0x00007FF6CF616966]
	(No symbol) [0x00007FF6CF645FEA]
	(No symbol) [0x00007FF6CF6163B6]
	(No symbol) [0x00007FF6CF646490]
	(No symbol) [0x00007FF6CF6628F6]
	(No symbol) [0x00007FF6CF645D93]
	(No symbol) [0x00007FF6CF614BDC]
	(No symbol) [0x00007FF6CF615C64]
	GetHandleVerifier [0x00007FF6CFB3E16B+3695259]
	GetHandleVerifier [0x00007FF6CFB96737+4057191]
	GetHandleVerifier [0x00007FF6CFB8E4E3+4023827]
	GetHandleVerifier [0x00007FF6CF8604F9+689705]
	(No symbol) [0x00007FF6CF73C048]
	(No symbol) [0x00007FF6CF738044]
	(No symbol) [0x00007FF6CF7381C9]
	(No symbol) [0x00007FF6CF7288C4]
	BaseThreadInitThunk [0x00007FFC6F29257D+29]
	RtlUserThreadStart [0x00007FFC7106AA58+40]

